<?xml version="1.0" encoding="UTF-8"?>
<!-- Generated by org.testng.reporters.JUnitReportReporter -->
<testsuite hostname="DESKTOP-7PUP5K7" failures="0" tests="2" name="Sampletestng01" time="44.622" errors="0" timestamp="24 Aug 2018 16:29:39 GMT" skipped="0">
  <testcase classname="Sampletestng01" name="VerifyRegisterButton" time="2.694"/>
  <testcase classname="Sampletestng01" name="Login" time="41.928"/>
</testsuite> <!-- Sampletestng01 -->
