<?xml version="1.0" encoding="UTF-8"?>
<!-- Generated by org.testng.reporters.JUnitReportReporter -->
<testsuite hostname="DESKTOP-7PUP5K7" failures="0" tests="8" name="TestSuites.Sample02b" time="401.084" errors="0" timestamp="27 Aug 2018 12:05:47 GMT" skipped="0">
  <testcase classname="TestSuites.Sample02b" name="Login4" time="27.185"/>
  <testcase classname="TestSuites.Sample02b" name="Login7" time="57.509"/>
  <testcase classname="TestSuites.Sample02b" name="Login5" time="66.279"/>
  <testcase classname="TestSuites.Sample02b" name="Login3" time="62.029"/>
  <testcase classname="TestSuites.Sample02b" name="Login2" time="73.967"/>
  <testcase classname="TestSuites.Sample02b" name="Login1" time="55.949"/>
  <testcase classname="TestSuites.Sample02b" name="Login6" time="24.458"/>
  <testcase classname="TestSuites.Sample02b" name="Login8" time="33.708"/>
</testsuite> <!-- TestSuites.Sample02b -->
