<?xml version="1.0" encoding="UTF-8"?>
<!-- Generated by org.testng.reporters.JUnitReportReporter -->
<testsuite hostname="DESKTOP-7PUP5K7" failures="0" tests="1" name="TestSuites.runsample" time="80.591" errors="0" timestamp="29 Aug 2018 05:41:29 GMT" skipped="0">
  <testcase classname="TestSuites.runsample" name="samplerub" time="80.591"/>
</testsuite> <!-- TestSuites.runsample -->
