<?xml version="1.0" encoding="UTF-8"?>
<!-- Generated by org.testng.reporters.JUnitReportReporter -->
<testsuite hostname="DESKTOP-7PUP5K7" failures="0" tests="1" name="TestSuites.RunSample2" time="57.143" errors="0" timestamp="29 Aug 2018 06:42:55 GMT" skipped="0">
  <testcase classname="TestSuites.RunSample2" name="mockup" time="57.143"/>
</testsuite> <!-- TestSuites.RunSample2 -->
