<?xml version="1.0" encoding="UTF-8"?>
<!-- Generated by org.testng.reporters.JUnitReportReporter -->
<testsuite hostname="DESKTOP-7PUP5K7" failures="0" tests="2" name="TestSuites.Suite01" time="116.234" errors="0" timestamp="24 Aug 2018 19:20:09 GMT" skipped="0">
  <testcase classname="TestSuites.Suite01" name="Login" time="50.570"/>
  <testcase classname="TestSuites.Suite01" name="VerifyRegisterButton" time="65.664"/>
</testsuite> <!-- TestSuites.Suite01 -->
