<?xml version="1.0" encoding="UTF-8"?>
<!-- Generated by org.testng.reporters.JUnitReportReporter -->
<testsuite hostname="DESKTOP-7PUP5K7" failures="0" tests="2" name="TestSuites.Suite01" time="116.365" errors="0" timestamp="27 Aug 2018 08:18:58 GMT" skipped="0">
  <testcase classname="TestSuites.Suite01" name="Login" time="50.123"/>
  <testcase classname="TestSuites.Suite01" name="VerifyRegisterButton" time="66.242"/>
</testsuite> <!-- TestSuites.Suite01 -->
