<?xml version="1.0" encoding="UTF-8"?>
<!-- Generated by org.testng.reporters.JUnitReportReporter -->
<testsuite hostname="DESKTOP-7PUP5K7" failures="0" tests="8" name="TestSuites.Suite02b" time="475.476" errors="0" timestamp="29 Aug 2018 08:54:59 GMT" skipped="0">
  <testcase classname="TestSuites.Suite02b" name="Login2" time="91.596"/>
  <testcase classname="TestSuites.Suite02b" name="Login8" time="33.944"/>
  <testcase classname="TestSuites.Suite02b" name="Login6" time="25.318"/>
  <testcase classname="TestSuites.Suite02b" name="Login1" time="83.389"/>
  <testcase classname="TestSuites.Suite02b" name="Login3" time="80.995"/>
  <testcase classname="TestSuites.Suite02b" name="Login4" time="26.787"/>
  <testcase classname="TestSuites.Suite02b" name="Login7" time="67.066"/>
  <testcase classname="TestSuites.Suite02b" name="Login5" time="66.381"/>
</testsuite> <!-- TestSuites.Suite02b -->
