<?xml version="1.0" encoding="UTF-8"?>
<!-- Generated by org.testng.reporters.JUnitReportReporter -->
<testsuite hostname="DESKTOP-7PUP5K7" failures="0" tests="6" name="TestSuites.Suite02a" time="313.896" errors="0" timestamp="29 Aug 2018 08:32:07 GMT" skipped="0">
  <testcase classname="TestSuites.Suite02a" name="Login2" time="73.874"/>
  <testcase classname="TestSuites.Suite02a" name="Login3" time="58.953"/>
  <testcase classname="TestSuites.Suite02a" name="Login1" time="63.098"/>
  <testcase classname="TestSuites.Suite02a" name="Login4" time="24.944"/>
  <testcase classname="TestSuites.Suite02a" name="Login5" time="61.022"/>
  <testcase classname="TestSuites.Suite02a" name="Login6" time="32.005"/>
</testsuite> <!-- TestSuites.Suite02a -->
