<?xml version="1.0" encoding="UTF-8"?>
<!-- Generated by org.testng.reporters.JUnitReportReporter -->
<testsuite hostname="DESKTOP-7PUP5K7" failures="0" tests="6" name="TestSuites.Suite02a" time="299.659" errors="0" timestamp="27 Aug 2018 09:04:07 GMT" skipped="0">
  <testcase classname="TestSuites.Suite02a" name="Login2" time="69.856"/>
  <testcase classname="TestSuites.Suite02a" name="Login4" time="24.929"/>
  <testcase classname="TestSuites.Suite02a" name="Login3" time="59.666"/>
  <testcase classname="TestSuites.Suite02a" name="Login6" time="30.582"/>
  <testcase classname="TestSuites.Suite02a" name="Login1" time="57.121"/>
  <testcase classname="TestSuites.Suite02a" name="Login5" time="57.505"/>
</testsuite> <!-- TestSuites.Suite02a -->
