<?xml version="1.0" encoding="UTF-8"?>
<!-- Generated by org.testng.reporters.JUnitReportReporter -->
<testsuite hostname="DESKTOP-7PUP5K7" failures="0" tests="1" name="TestSuites.sam2" time="33.545" errors="0" timestamp="30 Aug 2018 06:09:44 GMT" skipped="0">
  <testcase classname="TestSuites.sam2" name="Login1" time="33.545"/>
</testsuite> <!-- TestSuites.sam2 -->
